[INFO  - 2015-05-21T10:15:55.322Z] GhostDriver - Main - running on port 31319
[INFO  - 2015-05-21T10:15:56.553Z] Session [5ea1e2d0-ffa2-11e4-9cc2-bd170f62cedc] - page.settings - {"XSSAuditingEnabled":false,"javascriptCanCloseWindows":true,"javascriptCanOpenWindows":true,"javascriptEnabled":true,"loadImages":true,"localToRemoteUrlAccessEnabled":false,"userAgent":"Mozilla/5.0 (Windows NT 6.1; WOW64) AppleWebKit/538.1 (KHTML, like Gecko) PhantomJS/2.0.0 Safari/538.1","webSecurityEnabled":true}
[INFO  - 2015-05-21T10:15:56.553Z] Session [5ea1e2d0-ffa2-11e4-9cc2-bd170f62cedc] - page.customHeaders:  - {}
[INFO  - 2015-05-21T10:15:56.553Z] Session [5ea1e2d0-ffa2-11e4-9cc2-bd170f62cedc] - Session.negotiatedCapabilities - {"browserName":"phantomjs","version":"2.0.0","driverName":"ghostdriver","driverVersion":"1.2.0","platform":"windows-7-32bit","javascriptEnabled":true,"takesScreenshot":true,"handlesAlerts":false,"databaseEnabled":false,"locationContextEnabled":false,"applicationCacheEnabled":false,"browserConnectionEnabled":false,"cssSelectorsEnabled":true,"webStorageEnabled":false,"rotatable":false,"acceptSslCerts":false,"nativeEvents":true,"proxy":{"proxyType":"direct"}}
[INFO  - 2015-05-21T10:15:56.554Z] SessionManagerReqHand - _postNewSessionCommand - New Session Created: 5ea1e2d0-ffa2-11e4-9cc2-bd170f62cedc
[INFO  - 2015-05-21T10:16:07.265Z] ShutdownReqHand - _handle - About to shutdown
[INFO  - 2015-05-21T15:44:48.380Z] GhostDriver - Main - running on port 30580
[INFO  - 2015-05-21T15:44:49.344Z] Session [504b9a90-ffd0-11e4-80ba-7fc74200991e] - page.settings - {"XSSAuditingEnabled":false,"javascriptCanCloseWindows":true,"javascriptCanOpenWindows":true,"javascriptEnabled":true,"loadImages":true,"localToRemoteUrlAccessEnabled":false,"userAgent":"Mozilla/5.0 (Windows NT 6.1; WOW64) AppleWebKit/538.1 (KHTML, like Gecko) PhantomJS/2.0.0 Safari/538.1","webSecurityEnabled":true}
[INFO  - 2015-05-21T15:44:49.344Z] Session [504b9a90-ffd0-11e4-80ba-7fc74200991e] - page.customHeaders:  - {}
[INFO  - 2015-05-21T15:44:49.344Z] Session [504b9a90-ffd0-11e4-80ba-7fc74200991e] - Session.negotiatedCapabilities - {"browserName":"phantomjs","version":"2.0.0","driverName":"ghostdriver","driverVersion":"1.2.0","platform":"windows-7-32bit","javascriptEnabled":true,"takesScreenshot":true,"handlesAlerts":false,"databaseEnabled":false,"locationContextEnabled":false,"applicationCacheEnabled":false,"browserConnectionEnabled":false,"cssSelectorsEnabled":true,"webStorageEnabled":false,"rotatable":false,"acceptSslCerts":false,"nativeEvents":true,"proxy":{"proxyType":"direct"}}
[INFO  - 2015-05-21T15:44:49.344Z] SessionManagerReqHand - _postNewSessionCommand - New Session Created: 504b9a90-ffd0-11e4-80ba-7fc74200991e
[INFO  - 2015-05-21T15:45:04.918Z] ShutdownReqHand - _handle - About to shutdown
[INFO  - 2015-05-28T05:34:59.311Z] GhostDriver - Main - running on port 15794
[INFO  - 2015-05-28T05:35:00.139Z] Session [484c98f0-04fb-11e5-b8e2-03b326816c3c] - page.settings - {"XSSAuditingEnabled":false,"javascriptCanCloseWindows":true,"javascriptCanOpenWindows":true,"javascriptEnabled":true,"loadImages":true,"localToRemoteUrlAccessEnabled":false,"userAgent":"Mozilla/5.0 (Windows NT 6.1; WOW64) AppleWebKit/538.1 (KHTML, like Gecko) PhantomJS/2.0.0 Safari/538.1","webSecurityEnabled":true}
[INFO  - 2015-05-28T05:35:00.140Z] Session [484c98f0-04fb-11e5-b8e2-03b326816c3c] - page.customHeaders:  - {}
[INFO  - 2015-05-28T05:35:00.140Z] Session [484c98f0-04fb-11e5-b8e2-03b326816c3c] - Session.negotiatedCapabilities - {"browserName":"phantomjs","version":"2.0.0","driverName":"ghostdriver","driverVersion":"1.2.0","platform":"windows-7-32bit","javascriptEnabled":true,"takesScreenshot":true,"handlesAlerts":false,"databaseEnabled":false,"locationContextEnabled":false,"applicationCacheEnabled":false,"browserConnectionEnabled":false,"cssSelectorsEnabled":true,"webStorageEnabled":false,"rotatable":false,"acceptSslCerts":false,"nativeEvents":true,"proxy":{"proxyType":"direct"}}
[INFO  - 2015-05-28T05:35:00.140Z] SessionManagerReqHand - _postNewSessionCommand - New Session Created: 484c98f0-04fb-11e5-b8e2-03b326816c3c
[INFO  - 2015-05-28T05:35:15.929Z] ShutdownReqHand - _handle - About to shutdown
[INFO  - 2015-05-28T05:41:42.651Z] GhostDriver - Main - running on port 20858
[INFO  - 2015-05-28T05:41:43.588Z] Session [38cbacd0-04fc-11e5-b91f-2ff35a4353e5] - page.settings - {"XSSAuditingEnabled":false,"javascriptCanCloseWindows":true,"javascriptCanOpenWindows":true,"javascriptEnabled":true,"loadImages":true,"localToRemoteUrlAccessEnabled":false,"userAgent":"Mozilla/5.0 (Windows NT 6.1; WOW64) AppleWebKit/538.1 (KHTML, like Gecko) PhantomJS/2.0.0 Safari/538.1","webSecurityEnabled":true}
[INFO  - 2015-05-28T05:41:43.588Z] Session [38cbacd0-04fc-11e5-b91f-2ff35a4353e5] - page.customHeaders:  - {}
[INFO  - 2015-05-28T05:41:43.588Z] Session [38cbacd0-04fc-11e5-b91f-2ff35a4353e5] - Session.negotiatedCapabilities - {"browserName":"phantomjs","version":"2.0.0","driverName":"ghostdriver","driverVersion":"1.2.0","platform":"windows-7-32bit","javascriptEnabled":true,"takesScreenshot":true,"handlesAlerts":false,"databaseEnabled":false,"locationContextEnabled":false,"applicationCacheEnabled":false,"browserConnectionEnabled":false,"cssSelectorsEnabled":true,"webStorageEnabled":false,"rotatable":false,"acceptSslCerts":false,"nativeEvents":true,"proxy":{"proxyType":"direct"}}
[INFO  - 2015-05-28T05:41:43.588Z] SessionManagerReqHand - _postNewSessionCommand - New Session Created: 38cbacd0-04fc-11e5-b91f-2ff35a4353e5
[INFO  - 2015-05-28T05:41:55.048Z] ShutdownReqHand - _handle - About to shutdown
